FILE {C:\WORK\ALBION\LIB\MAIN.OBJ
 C:\WORK\ALBION\LIB\GAME.OBJ
 C:\WORK\ALBION\LIB\CONTROL.OBJ
 C:\WORK\ALBION\LIB\MAP.OBJ
 C:\WORK\ALBION\LIB\2D_MAP.OBJ
 C:\WORK\ALBION\LIB\2D_DISPL.OBJ
 C:\WORK\ALBION\LIB\3D_MAP.OBJ
 C:\WORK\ALBION\LIB\ANIMATE.OBJ
 C:\WORK\ALBION\LIB\FONT.OBJ
 C:\WORK\ALBION\LIB\XFTYPES.OBJ
 C:\WORK\ALBION\LIB\GRAPHICS.OBJ
 C:\WORK\MODULES\LIB\SCROLL.OBJ
 C:\WORK\MODULES\LIB\XLOAD.OBJ
 C:\WORK\MODULES\LIB\HDOB.OBJ
 C:\WORK\MODULES\LIB\GFXFUNC.OBJ
 C:\WORK\MODULES\LIB\SORT.OBJ}
 LIBRARY {C:\WORK\MODULES\LIB\TEXT.LIB
 C:\WORK\ALBION\LIB\3DM.LIB
 C:\PCLIB32\LIB\PCLIB32.LIB}
 NAME ALBION.EXE
